2020-10-23 14:49:24,794 INFO o.a.j.e.StandardJMeterEngine: Notifying test listeners of end of test
2020-10-23 14:49:24,794 INFO o.a.j.g.u.JMeterMenuBar: setRunning(false, *local*)
2020-10-23 19:52:43,317 INFO o.a.j.g.a.Load: Loading file: /Users/xxx/Work/dt/Code/jmeter_auto_test/te/te.jmx
2020-10-23 19:52:43,320 INFO o.a.j.s.FileServer: Set new base='/Users/xxx/Work/dt/Code/jmeter_auto_test/te'
2020-10-23 19:52:43,320 INFO o.a.j.s.SaveService: Loading file: /Users/xxx/Work/dt/Code/jmeter_auto_test/te/te.jmx
2020-10-23 19:52:46,062 INFO o.a.j.s.FileServer: Set new base='/Users/xxx/Work/dt/Code/jmeter_auto_test/te'
2020-10-23 19:53:15,634 INFO o.a.j.e.StandardJMeterEngine: Running the test!
2020-10-23 19:53:15,634 INFO o.a.j.s.SampleEvent: List of sample_variables: []
2020-10-23 19:53:15,679 INFO o.a.j.t.TestPlan: added /Users/mency/Documents/jmeter_auto_test/mysql-connector-java-5.1.44.jar to classpath
2020-10-23 19:53:15,679 INFO o.a.j.t.TestPlan: added /Users/mency/IdeaProjects/jmeter_auto_test-1/dataPrepare/out/dataPrepare-1.0-SNAPSHOT.jar to classpath
2020-10-23 19:53:15,698 INFO o.a.j.g.u.JMeterMenuBar: setRunning(true, *local*)
2020-10-23 19:53:16,320 INFO o.a.j.e.StandardJMeterEngine: Starting ThreadGroup: 1 : shuzhan-te接口
2020-10-23 19:53:16,320 INFO o.a.j.e.StandardJMeterEngine: Starting 1 threads for group shuzhan-te接口.
2020-10-23 19:53:16,320 INFO o.a.j.e.StandardJMeterEngine: Thread will continue on error
2020-10-23 19:53:16,320 INFO o.a.j.t.ThreadGroup: Starting thread group... number=1 threads=1 ramp-up=1 perThread=1000.0 delayedStart=false
2020-10-23 19:53:16,335 INFO o.a.j.t.ThreadGroup: Started thread group number 1
2020-10-23 19:53:16,335 INFO o.a.j.e.StandardJMeterEngine: All thread groups have been started
2020-10-23 19:53:16,337 INFO o.a.j.t.JMeterThread: Thread started: shuzhan-te接口 1-1
2020-10-23 19:53:22,743 ERROR o.a.j.m.JSR223PreProcessor: Problem in JSR223 script, JSR223 PreProcessor-在cookie后拼接tag_project_id
javax.script.ScriptException: groovy.lang.MissingPropertyException: No such property: d for class: Script1
	at org.codehaus.groovy.jsr223.GroovyScriptEngineImpl.eval(GroovyScriptEngineImpl.java:320) ~[groovy-all-2.4.13.jar:2.4.13]
	at org.codehaus.groovy.jsr223.GroovyCompiledScript.eval(GroovyCompiledScript.java:72) ~[groovy-all-2.4.13.jar:2.4.13]
	at javax.script.CompiledScript.eval(CompiledScript.java:92) ~[?:1.8.0_201]
	at org.apache.jmeter.util.JSR223TestElement.processFileOrScript(JSR223TestElement.java:221) ~[ApacheJMeter_core.jar:4.0 r1823414]
	at org.apache.jmeter.modifiers.JSR223PreProcessor.process(JSR223PreProcessor.java:44) [ApacheJMeter_components.jar:4.0 r1823414]
	at org.apache.jmeter.threads.JMeterThread.runPreProcessors(JMeterThread.java:849) [ApacheJMeter_core.jar:4.0 r1823414]
	at org.apache.jmeter.threads.JMeterThread.executeSamplePackage(JMeterThread.java:467) [ApacheJMeter_core.jar:4.0 r1823414]
	at org.apache.jmeter.threads.JMeterThread.processSampler(JMeterThread.java:416) [ApacheJMeter_core.jar:4.0 r1823414]
	at org.apache.jmeter.threads.JMeterThread.run(JMeterThread.java:250) [ApacheJMeter_core.jar:4.0 r1823414]
	at java.lang.Thread.run(Thread.java:748) [?:1.8.0_201]
Caused by: groovy.lang.MissingPropertyException: No such property: d for class: Script1
	at org.codehaus.groovy.runtime.ScriptBytecodeAdapter.unwrap(ScriptBytecodeAdapter.java:53) ~[groovy-all-2.4.13.jar:2.4.13]
	at org.codehaus.groovy.runtime.callsite.PogoGetPropertySite.getProperty(PogoGetPropertySite.java:52) ~[groovy-all-2.4.13.jar:2.4.13]
	at org.codehaus.groovy.runtime.callsite.AbstractCallSite.callGroovyObjectGetProperty(AbstractCallSite.java:307) ~[groovy-all-2.4.13.jar:2.4.13]
	at Script1.run(Script1.groovy:10) ~[?:?]
	at org.codehaus.groovy.jsr223.GroovyScriptEngineImpl.eval(GroovyScriptEngineImpl.java:317) ~[groovy-all-2.4.13.jar:2.4.13]
	... 9 more
2020-10-23 19:53:28,183 ERROR o.a.j.u.BeanShellInterpreter: Error invoking bsh method: eval	Sourced file: inline evaluation of: ``import com.alibaba.fastjson.JSON; import com.alibaba.fastjson.JSONObject;  //获取j . . . ''
2020-10-23 19:53:28,183 WARN o.a.j.e.BeanShellPostProcessor: Problem in BeanShell script: org.apache.jorphan.util.JMeterException: Error invoking bsh method: eval	Sourced file: inline evaluation of: ``import com.alibaba.fastjson.JSON; import com.alibaba.fastjson.JSONObject;  //获取j . . . ''
2020-10-23 19:53:28,825 INFO o.a.j.u.BeanShellTestElement: sssssssLLL
2020-10-23 19:53:28,839 ERROR o.a.j.u.BeanShellInterpreter: Error invoking bsh method: eval	Sourced file: inline evaluation of: ``import com.alibaba.fastjson.JSON; import com.alibaba.fastjson.JSONObject; import . . . ''
2020-10-23 19:53:28,839 WARN o.a.j.e.BeanShellPostProcessor: Problem in BeanShell script: org.apache.jorphan.util.JMeterException: Error invoking bsh method: eval	Sourced file: inline evaluation of: ``import com.alibaba.fastjson.JSON; import com.alibaba.fastjson.JSONObject; import . . . ''
2020-10-23 19:53:30,052 ERROR o.a.j.c.IfController: 如果名称未重复，则继续: error while processing [${ifNameSame_1}==true]
javax.script.ScriptException: <eval>:1:1 Expected ; but found {
${ifNameSame_1}==true
 ^ in <eval> at line number 1 at column number 1
	at jdk.nashorn.api.scripting.NashornScriptEngine.throwAsScriptException(NashornScriptEngine.java:470) ~[nashorn.jar:?]
	at jdk.nashorn.api.scripting.NashornScriptEngine.compileImpl(NashornScriptEngine.java:537) ~[nashorn.jar:?]
	at jdk.nashorn.api.scripting.NashornScriptEngine.compileImpl(NashornScriptEngine.java:524) ~[nashorn.jar:?]
	at jdk.nashorn.api.scripting.NashornScriptEngine.evalImpl(NashornScriptEngine.java:402) ~[nashorn.jar:?]
	at jdk.nashorn.api.scripting.NashornScriptEngine.eval(NashornScriptEngine.java:155) ~[nashorn.jar:?]
	at org.apache.jmeter.control.IfController$NashornJsEngine.evaluate(IfController.java:124) [ApacheJMeter_core.jar:4.0 r1823414]
	at org.apache.jmeter.control.IfController.evaluateCondition(IfController.java:185) [ApacheJMeter_core.jar:4.0 r1823414]
	at org.apache.jmeter.control.IfController.next(IfController.java:239) [ApacheJMeter_core.jar:4.0 r1823414]
	at org.apache.jmeter.control.GenericController.nextIsAController(GenericController.java:219) [ApacheJMeter_core.jar:4.0 r1823414]
	at org.apache.jmeter.control.TransactionController.nextIsAController(TransactionController.java:174) [ApacheJMeter_core.jar:4.0 r1823414]
	at org.apache.jmeter.control.GenericController.next(GenericController.java:173) [ApacheJMeter_core.jar:4.0 r1823414]
	at org.apache.jmeter.control.TransactionController.nextWithoutTransactionSampler(TransactionController.java:206) [ApacheJMeter_core.jar:4.0 r1823414]
	at org.apache.jmeter.control.TransactionController.next(TransactionController.java:136) [ApacheJMeter_core.jar:4.0 r1823414]
	at org.apache.jmeter.control.GenericController.nextIsAController(GenericController.java:219) [ApacheJMeter_core.jar:4.0 r1823414]
	at org.apache.jmeter.control.GenericController.next(GenericController.java:173) [ApacheJMeter_core.jar:4.0 r1823414]
	at org.apache.jmeter.control.GenericController.nextIsAController(GenericController.java:219) [ApacheJMeter_core.jar:4.0 r1823414]
	at org.apache.jmeter.control.GenericController.next(GenericController.java:173) [ApacheJMeter_core.jar:4.0 r1823414]
	at org.apache.jmeter.control.IfController.next(IfController.java:243) [ApacheJMeter_core.jar:4.0 r1823414]
	at org.apache.jmeter.control.GenericController.nextIsAController(GenericController.java:219) [ApacheJMeter_core.jar:4.0 r1823414]
	at org.apache.jmeter.control.GenericController.next(GenericController.java:173) [ApacheJMeter_core.jar:4.0 r1823414]
	at org.apache.jmeter.control.LoopController.next(LoopController.java:128) [ApacheJMeter_core.jar:4.0 r1823414]
	at org.apache.jmeter.threads.AbstractThreadGroup.next(AbstractThreadGroup.java:87) [ApacheJMeter_core.jar:4.0 r1823414]
	at org.apache.jmeter.threads.JMeterThread.run(JMeterThread.java:269) [ApacheJMeter_core.jar:4.0 r1823414]
	at java.lang.Thread.run(Thread.java:748) [?:1.8.0_201]
Caused by: jdk.nashorn.internal.runtime.ParserException: <eval>:1:1 Expected ; but found {
${ifNameSame_1}==true
 ^
	at jdk.nashorn.internal.parser.AbstractParser.error(AbstractParser.java:294) ~[nashorn.jar:?]
	at jdk.nashorn.internal.parser.AbstractParser.error(AbstractParser.java:279) ~[nashorn.jar:?]
	at jdk.nashorn.internal.parser.AbstractParser.expectDontAdvance(AbstractParser.java:350) ~[nashorn.jar:?]
	at jdk.nashorn.internal.parser.AbstractParser.expect(AbstractParser.java:337) ~[nashorn.jar:?]
	at jdk.nashorn.internal.parser.Parser.endOfLine(Parser.java:3372) ~[nashorn.jar:?]
	at jdk.nashorn.internal.parser.Parser.expressionStatement(Parser.java:1160) ~[nashorn.jar:?]
	at jdk.nashorn.internal.parser.Parser.statement(Parser.java:967) ~[nashorn.jar:?]
	at jdk.nashorn.internal.parser.Parser.sourceElements(Parser.java:773) ~[nashorn.jar:?]
	at jdk.nashorn.internal.parser.Parser.program(Parser.java:709) ~[nashorn.jar:?]
	at jdk.nashorn.internal.parser.Parser.parse(Parser.java:283) ~[nashorn.jar:?]
	at jdk.nashorn.internal.parser.Parser.parse(Parser.java:249) ~[nashorn.jar:?]
	at jdk.nashorn.internal.runtime.Context.compile(Context.java:1284) ~[nashorn.jar:?]
	at jdk.nashorn.internal.runtime.Context.compileScript(Context.java:1251) ~[nashorn.jar:?]
	at jdk.nashorn.internal.runtime.Context.compileScript(Context.java:627) ~[nashorn.jar:?]
	at jdk.nashorn.api.scripting.NashornScriptEngine.compileImpl(NashornScriptEngine.java:535) ~[nashorn.jar:?]
	... 22 more
2020-10-23 19:53:32,605 INFO o.a.j.t.JMeterThread: Thread is done: shuzhan-te接口 1-1
2020-10-23 19:53:32,605 INFO o.a.j.t.JMeterThread: Thread finished: shuzhan-te接口 1-1
2020-10-23 19:53:32,605 INFO o.a.j.e.StandardJMeterEngine: Notifying test listeners of end of test
2020-10-23 19:53:32,605 INFO o.a.j.g.u.JMeterMenuBar: setRunning(false, *local*)
2020-10-23 19:54:52,333 INFO o.a.j.e.StandardJMeterEngine: Running the test!
2020-10-23 19:54:52,333 INFO o.a.j.s.SampleEvent: List of sample_variables: []
2020-10-23 19:54:52,342 INFO o.a.j.t.TestPlan: added /Users/mency/Documents/jmeter_auto_test/mysql-connector-java-5.1.44.jar to classpath
2020-10-23 19:54:52,342 INFO o.a.j.t.TestPlan: added /Users/mency/IdeaProjects/jmeter_auto_test-1/dataPrepare/out/dataPrepare-1.0-SNAPSHOT.jar to classpath
2020-10-23 19:54:52,345 INFO o.a.j.g.u.JMeterMenuBar: setRunning(true, *local*)
2020-10-23 19:54:52,568 INFO o.a.j.e.StandardJMeterEngine: Starting ThreadGroup: 1 : shuzhan-te接口
2020-10-23 19:54:52,568 INFO o.a.j.e.StandardJMeterEngine: Starting 1 threads for group shuzhan-te接口.
2020-10-23 19:54:52,568 INFO o.a.j.e.StandardJMeterEngine: Thread will continue on error
2020-10-23 19:54:52,568 INFO o.a.j.t.ThreadGroup: Starting thread group... number=1 threads=1 ramp-up=1 perThread=1000.0 delayedStart=false
2020-10-23 19:54:52,584 INFO o.a.j.t.ThreadGroup: Started thread group number 1
2020-10-23 19:54:52,584 INFO o.a.j.e.StandardJMeterEngine: All thread groups have been started
2020-10-23 19:54:52,586 INFO o.a.j.t.JMeterThread: Thread started: shuzhan-te接口 1-1
2020-10-23 19:54:58,148 ERROR o.a.j.m.JSR223PreProcessor: Problem in JSR223 script, JSR223 PreProcessor-在cookie后拼接tag_project_id
javax.script.ScriptException: groovy.lang.MissingPropertyException: No such property: d for class: Script2
	at org.codehaus.groovy.jsr223.GroovyScriptEngineImpl.eval(GroovyScriptEngineImpl.java:320) ~[groovy-all-2.4.13.jar:2.4.13]
	at org.codehaus.groovy.jsr223.GroovyCompiledScript.eval(GroovyCompiledScript.java:72) ~[groovy-all-2.4.13.jar:2.4.13]
	at javax.script.CompiledScript.eval(CompiledScript.java:92) ~[?:1.8.0_201]
	at org.apache.jmeter.util.JSR223TestElement.processFileOrScript(JSR223TestElement.java:221) ~[ApacheJMeter_core.jar:4.0 r1823414]
	at org.apache.jmeter.modifiers.JSR223PreProcessor.process(JSR223PreProcessor.java:44) [ApacheJMeter_components.jar:4.0 r1823414]
	at org.apache.jmeter.threads.JMeterThread.runPreProcessors(JMeterThread.java:849) [ApacheJMeter_core.jar:4.0 r1823414]
	at org.apache.jmeter.threads.JMeterThread.executeSamplePackage(JMeterThread.java:467) [ApacheJMeter_core.jar:4.0 r1823414]
	at org.apache.jmeter.threads.JMeterThread.processSampler(JMeterThread.java:416) [ApacheJMeter_core.jar:4.0 r1823414]
	at org.apache.jmeter.threads.JMeterThread.run(JMeterThread.java:250) [ApacheJMeter_core.jar:4.0 r1823414]
	at java.lang.Thread.run(Thread.java:748) [?:1.8.0_201]
Caused by: groovy.lang.MissingPropertyException: No such property: d for class: Script2
	at org.codehaus.groovy.runtime.ScriptBytecodeAdapter.unwrap(ScriptBytecodeAdapter.java:53) ~[groovy-all-2.4.13.jar:2.4.13]
	at org.codehaus.groovy.runtime.callsite.PogoGetPropertySite.getProperty(PogoGetPropertySite.java:52) ~[groovy-all-2.4.13.jar:2.4.13]
	at org.codehaus.groovy.runtime.callsite.AbstractCallSite.callGroovyObjectGetProperty(AbstractCallSite.java:307) ~[groovy-all-2.4.13.jar:2.4.13]
	at Script2.run(Script2.groovy:10) ~[?:?]
	at org.codehaus.groovy.jsr223.GroovyScriptEngineImpl.eval(GroovyScriptEngineImpl.java:317) ~[groovy-all-2.4.13.jar:2.4.13]
	... 9 more
2020-10-23 19:55:03,178 INFO o.a.j.u.BeanShellTestElement: user...{"gmtModified":"2020-10-23 19:54:43","isDeleted":0,"id":1,"userName":"admin@dt.com","gmtCreate":"2020-07-16 11:49:09","email":"admin@dt.com","status":0}
2020-10-23 19:55:05,022 INFO o.a.j.u.BeanShellTestElement: sssssssLLL
2020-10-23 19:55:05,028 ERROR o.a.j.u.BeanShellInterpreter: Error invoking bsh method: eval	Sourced file: inline evaluation of: ``import com.alibaba.fastjson.JSON; import com.alibaba.fastjson.JSONObject; import . . . ''
2020-10-23 19:55:05,028 WARN o.a.j.e.BeanShellPostProcessor: Problem in BeanShell script: org.apache.jorphan.util.JMeterException: Error invoking bsh method: eval	Sourced file: inline evaluation of: ``import com.alibaba.fastjson.JSON; import com.alibaba.fastjson.JSONObject; import . . . ''
2020-10-23 19:55:10,525 ERROR o.a.j.c.IfController: 如果标识不重复，则继续: error while processing [${ifEnNameSame_1}==true]
javax.script.ScriptException: <eval>:1:1 Expected ; but found {
${ifEnNameSame_1}==true
 ^ in <eval> at line number 1 at column number 1
	at jdk.nashorn.api.scripting.NashornScriptEngine.throwAsScriptException(NashornScriptEngine.java:470) ~[nashorn.jar:?]
	at jdk.nashorn.api.scripting.NashornScriptEngine.compileImpl(NashornScriptEngine.java:537) ~[nashorn.jar:?]
	at jdk.nashorn.api.scripting.NashornScriptEngine.compileImpl(NashornScriptEngine.java:524) ~[nashorn.jar:?]
	at jdk.nashorn.api.scripting.NashornScriptEngine.evalImpl(NashornScriptEngine.java:402) ~[nashorn.jar:?]
	at jdk.nashorn.api.scripting.NashornScriptEngine.eval(NashornScriptEngine.java:155) ~[nashorn.jar:?]
	at org.apache.jmeter.control.IfController$NashornJsEngine.evaluate(IfController.java:124) [ApacheJMeter_core.jar:4.0 r1823414]
	at org.apache.jmeter.control.IfController.evaluateCondition(IfController.java:185) [ApacheJMeter_core.jar:4.0 r1823414]
	at org.apache.jmeter.control.IfController.next(IfController.java:239) [ApacheJMeter_core.jar:4.0 r1823414]
	at org.apache.jmeter.control.GenericController.nextIsAController(GenericController.java:219) [ApacheJMeter_core.jar:4.0 r1823414]
	at org.apache.jmeter.control.GenericController.next(GenericController.java:173) [ApacheJMeter_core.jar:4.0 r1823414]
	at org.apache.jmeter.control.IfController.next(IfController.java:243) [ApacheJMeter_core.jar:4.0 r1823414]
	at org.apache.jmeter.control.GenericController.nextIsAController(GenericController.java:219) [ApacheJMeter_core.jar:4.0 r1823414]
	at org.apache.jmeter.control.TransactionController.nextIsAController(TransactionController.java:174) [ApacheJMeter_core.jar:4.0 r1823414]
	at org.apache.jmeter.control.GenericController.next(GenericController.java:173) [ApacheJMeter_core.jar:4.0 r1823414]
	at org.apache.jmeter.control.TransactionController.nextWithoutTransactionSampler(TransactionController.java:206) [ApacheJMeter_core.jar:4.0 r1823414]
	at org.apache.jmeter.control.TransactionController.next(TransactionController.java:136) [ApacheJMeter_core.jar:4.0 r1823414]
	at org.apache.jmeter.control.GenericController.nextIsAController(GenericController.java:219) [ApacheJMeter_core.jar:4.0 r1823414]
	at org.apache.jmeter.control.GenericController.next(GenericController.java:173) [ApacheJMeter_core.jar:4.0 r1823414]
	at org.apache.jmeter.control.GenericController.nextIsAController(GenericController.java:219) [ApacheJMeter_core.jar:4.0 r1823414]
	at org.apache.jmeter.control.GenericController.next(GenericController.java:173) [ApacheJMeter_core.jar:4.0 r1823414]
	at org.apache.jmeter.control.IfController.next(IfController.java:243) [ApacheJMeter_core.jar:4.0 r1823414]
	at org.apache.jmeter.control.GenericController.nextIsAController(GenericController.java:219) [ApacheJMeter_core.jar:4.0 r1823414]
	at org.apache.jmeter.control.GenericController.next(GenericController.java:173) [ApacheJMeter_core.jar:4.0 r1823414]
	at org.apache.jmeter.control.LoopController.next(LoopController.java:128) [ApacheJMeter_core.jar:4.0 r1823414]
	at org.apache.jmeter.threads.AbstractThreadGroup.next(AbstractThreadGroup.java:87) [ApacheJMeter_core.jar:4.0 r1823414]
	at org.apache.jmeter.threads.JMeterThread.run(JMeterThread.java:269) [ApacheJMeter_core.jar:4.0 r1823414]
	at java.lang.Thread.run(Thread.java:748) [?:1.8.0_201]
Caused by: jdk.nashorn.internal.runtime.ParserException: <eval>:1:1 Expected ; but found {
${ifEnNameSame_1}==true
 ^
	at jdk.nashorn.internal.parser.AbstractParser.error(AbstractParser.java:294) ~[nashorn.jar:?]
	at jdk.nashorn.internal.parser.AbstractParser.error(AbstractParser.java:279) ~[nashorn.jar:?]
	at jdk.nashorn.internal.parser.AbstractParser.expectDontAdvance(AbstractParser.java:350) ~[nashorn.jar:?]
	at jdk.nashorn.internal.parser.AbstractParser.expect(AbstractParser.java:337) ~[nashorn.jar:?]
	at jdk.nashorn.internal.parser.Parser.endOfLine(Parser.java:3372) ~[nashorn.jar:?]
	at jdk.nashorn.internal.parser.Parser.expressionStatement(Parser.java:1160) ~[nashorn.jar:?]
	at jdk.nashorn.internal.parser.Parser.statement(Parser.java:967) ~[nashorn.jar:?]
	at jdk.nashorn.internal.parser.Parser.sourceElements(Parser.java:773) ~[nashorn.jar:?]
	at jdk.nashorn.internal.parser.Parser.program(Parser.java:709) ~[nashorn.jar:?]
	at jdk.nashorn.internal.parser.Parser.parse(Parser.java:283) ~[nashorn.jar:?]
	at jdk.nashorn.internal.parser.Parser.parse(Parser.java:249) ~[nashorn.jar:?]
	at jdk.nashorn.internal.runtime.Context.compile(Context.java:1284) ~[nashorn.jar:?]
	at jdk.nashorn.internal.runtime.Context.compileScript(Context.java:1251) ~[nashorn.jar:?]
	at jdk.nashorn.internal.runtime.Context.compileScript(Context.java:627) ~[nashorn.jar:?]
	at jdk.nashorn.api.scripting.NashornScriptEngine.compileImpl(NashornScriptEngine.java:535) ~[nashorn.jar:?]
	... 25 more
2020-10-23 19:55:27,075 INFO o.a.j.t.JMeterThread: Thread is done: shuzhan-te接口 1-1
2020-10-23 19:55:27,075 INFO o.a.j.t.JMeterThread: Thread finished: shuzhan-te接口 1-1
2020-10-23 19:55:27,075 INFO o.a.j.e.StandardJMeterEngine: Notifying test listeners of end of test
2020-10-23 19:55:27,077 INFO o.a.j.g.u.JMeterMenuBar: setRunning(false, *local*)
